<?xml version="1.0" encoding="UTF-8"?>
<!-- Generated by org.testng.reporters.JUnitXMLReporter -->
<testsuite ignored="14" hostname="DESKTOP-9KBGIMS" failures="0" tests="10" name="Test" time="20.365" errors="0" timestamp="2024-11-15T20:26:54 IST">
  <testcase classname="com.mystore.testscripts.AddToCartPageTest" name="@BeforeMethod setup" time="5.444">
    <failure type="org.openqa.selenium.SessionNotCreatedException" message="session not created: This version of ChromeDriver only supports Chrome version 114
Current browser version is 130.0.6723.117 with binary path C:\Program Files\Google\Chrome\Application\chrome.exe
Build info: version: &amp;apos;3.141.59&amp;apos;, revision: &amp;apos;e82be7d358&amp;apos;, time: &amp;apos;2018-11-14T08:17:03&amp;apos;
System info: host: &amp;apos;DESKTOP-9KBGIMS&amp;apos;, ip: &amp;apos;192.168.0.100&amp;apos;, os.name: &amp;apos;Windows 11&amp;apos;, os.arch: &amp;apos;amd64&amp;apos;, os.version: &amp;apos;10.0&amp;apos;, java.version: &amp;apos;17.0.10&amp;apos;
Driver info: driver.version: ChromeDriver
remote stacktrace: Backtrace:
	GetHandleVerifier [0x0119A813+48355]
	(No symbol) [0x0112C4B1]
	(No symbol) [0x01035358]
	(No symbol) [0x010561AC]
	(No symbol) [0x01051EF3]
	(No symbol) [0x01050579]
	(No symbol) [0x01080C55]
	(No symbol) [0x0108093C]
	(No symbol) [0x0107A536]
	(No symbol) [0x010582DC]
	(No symbol) [0x010593DD]
	GetHandleVerifier [0x013FAABD+2539405]
	GetHandleVerifier [0x0143A78F+2800735]
	GetHandleVerifier [0x0143456C+2775612]
	GetHandleVerifier [0x012251E0+616112]
	(No symbol) [0x01135F8C]
	(No symbol) [0x01132328]
	(No symbol) [0x0113240B]
	(No symbol) [0x01124FF7]
	BaseThreadInitThunk [0x76297BA9+25]
	RtlInitializeExceptionChain [0x770AC0CB+107]
	RtlClearBits [0x770AC04F+191]
">
      <![CDATA[org.openqa.selenium.SessionNotCreatedException: session not created: This version of ChromeDriver only supports Chrome version 114
Current browser version is 130.0.6723.117 with binary path C:\Program Files\Google\Chrome\Application\chrome.exe
Build info: version: '3.141.59', revision: 'e82be7d358', time: '2018-11-14T08:17:03'
System info: host: 'DESKTOP-9KBGIMS', ip: '192.168.0.100', os.name: 'Windows 11', os.arch: 'amd64', os.version: '10.0', java.version: '17.0.10'
Driver info: driver.version: ChromeDriver
remote stacktrace: Backtrace:
GetHandleVerifier [0x0119A813+48355]
(No symbol) [0x0112C4B1]
(No symbol) [0x01035358]
(No symbol) [0x010561AC]
(No symbol) [0x01051EF3]
(No symbol) [0x01050579]
(No symbol) [0x01080C55]
(No symbol) [0x0108093C]
(No symbol) [0x0107A536]
(No symbol) [0x010582DC]
(No symbol) [0x010593DD]
GetHandleVerifier [0x013FAABD+2539405]
GetHandleVerifier [0x0143A78F+2800735]
GetHandleVerifier [0x0143456C+2775612]
GetHandleVerifier [0x012251E0+616112]
(No symbol) [0x01135F8C]
(No symbol) [0x01132328]
(No symbol) [0x0113240B]
(No symbol) [0x01124FF7]
BaseThreadInitThunk [0x76297BA9+25]
RtlInitializeExceptionChain [0x770AC0CB+107]
RtlClearBits [0x770AC04F+191]

at org.openqa.selenium.remote.W3CHandshakeResponse.lambda$errorHandler$0(W3CHandshakeResponse.java:62)
at org.openqa.selenium.remote.HandshakeResponse.lambda$getResponseFunction$0(HandshakeResponse.java:30)
at org.openqa.selenium.remote.ProtocolHandshake.lambda$createSession$0(ProtocolHandshake.java:126)
at java.base/java.util.stream.ReferencePipeline$3$1.accept(ReferencePipeline.java:197)
at java.base/java.util.Spliterators$ArraySpliterator.tryAdvance(Spliterators.java:1002)
at java.base/java.util.stream.ReferencePipeline.forEachWithCancel(ReferencePipeline.java:129)
at java.base/java.util.stream.AbstractPipeline.copyIntoWithCancel(AbstractPipeline.java:527)
at java.base/java.util.stream.AbstractPipeline.copyInto(AbstractPipeline.java:513)
at java.base/java.util.stream.AbstractPipeline.wrapAndCopyInto(AbstractPipeline.java:499)
at java.base/java.util.stream.FindOps$FindOp.evaluateSequential(FindOps.java:150)
at java.base/java.util.stream.AbstractPipeline.evaluate(AbstractPipeline.java:234)
at java.base/java.util.stream.ReferencePipeline.findFirst(ReferencePipeline.java:647)
at org.openqa.selenium.remote.ProtocolHandshake.createSession(ProtocolHandshake.java:128)
at org.openqa.selenium.remote.ProtocolHandshake.createSession(ProtocolHandshake.java:74)
at org.openqa.selenium.remote.HttpCommandExecutor.execute(HttpCommandExecutor.java:136)
at org.openqa.selenium.remote.service.DriverCommandExecutor.execute(DriverCommandExecutor.java:83)
at org.openqa.selenium.remote.RemoteWebDriver.execute(RemoteWebDriver.java:552)
at org.openqa.selenium.remote.RemoteWebDriver.startSession(RemoteWebDriver.java:213)
at org.openqa.selenium.remote.RemoteWebDriver.<init>(RemoteWebDriver.java:131)
at org.openqa.selenium.chrome.ChromeDriver.<init>(ChromeDriver.java:181)
at org.openqa.selenium.chrome.ChromeDriver.<init>(ChromeDriver.java:168)
at org.openqa.selenium.chrome.ChromeDriver.<init>(ChromeDriver.java:123)
at com.mystore.base.BaseClass.launchApp(BaseClass.java:79)
at com.mystore.testscripts.AddToCartPageTest.setup(AddToCartPageTest.java:30)
at java.base/java.util.ArrayList.forEach(ArrayList.java:1511)
... Removed 36 stack frames]]>
    </failure>
  </testcase> <!-- @BeforeMethod setup -->
  <testcase classname="com.mystore.testscripts.AddToCartPageTest" name="@AfterMethod teardown" time="-1.731682599639E9">
    <skipped/>
  </testcase> <!-- @AfterMethod teardown -->
  <testcase classname="com.mystore.testscripts.OrderPageTest" name="@BeforeMethod setup" time="2.692">
    <failure type="org.openqa.selenium.SessionNotCreatedException" message="session not created: This version of ChromeDriver only supports Chrome version 114
Current browser version is 130.0.6723.117 with binary path C:\Program Files\Google\Chrome\Application\chrome.exe
Build info: version: &amp;apos;3.141.59&amp;apos;, revision: &amp;apos;e82be7d358&amp;apos;, time: &amp;apos;2018-11-14T08:17:03&amp;apos;
System info: host: &amp;apos;DESKTOP-9KBGIMS&amp;apos;, ip: &amp;apos;192.168.0.100&amp;apos;, os.name: &amp;apos;Windows 11&amp;apos;, os.arch: &amp;apos;amd64&amp;apos;, os.version: &amp;apos;10.0&amp;apos;, java.version: &amp;apos;17.0.10&amp;apos;
Driver info: driver.version: ChromeDriver
remote stacktrace: Backtrace:
	GetHandleVerifier [0x0119A813+48355]
	(No symbol) [0x0112C4B1]
	(No symbol) [0x01035358]
	(No symbol) [0x010561AC]
	(No symbol) [0x01051EF3]
	(No symbol) [0x01050579]
	(No symbol) [0x01080C55]
	(No symbol) [0x0108093C]
	(No symbol) [0x0107A536]
	(No symbol) [0x010582DC]
	(No symbol) [0x010593DD]
	GetHandleVerifier [0x013FAABD+2539405]
	GetHandleVerifier [0x0143A78F+2800735]
	GetHandleVerifier [0x0143456C+2775612]
	GetHandleVerifier [0x012251E0+616112]
	(No symbol) [0x01135F8C]
	(No symbol) [0x01132328]
	(No symbol) [0x0113240B]
	(No symbol) [0x01124FF7]
	BaseThreadInitThunk [0x76297BA9+25]
	RtlInitializeExceptionChain [0x770AC0CB+107]
	RtlClearBits [0x770AC04F+191]
">
      <![CDATA[org.openqa.selenium.SessionNotCreatedException: session not created: This version of ChromeDriver only supports Chrome version 114
Current browser version is 130.0.6723.117 with binary path C:\Program Files\Google\Chrome\Application\chrome.exe
Build info: version: '3.141.59', revision: 'e82be7d358', time: '2018-11-14T08:17:03'
System info: host: 'DESKTOP-9KBGIMS', ip: '192.168.0.100', os.name: 'Windows 11', os.arch: 'amd64', os.version: '10.0', java.version: '17.0.10'
Driver info: driver.version: ChromeDriver
remote stacktrace: Backtrace:
GetHandleVerifier [0x0119A813+48355]
(No symbol) [0x0112C4B1]
(No symbol) [0x01035358]
(No symbol) [0x010561AC]
(No symbol) [0x01051EF3]
(No symbol) [0x01050579]
(No symbol) [0x01080C55]
(No symbol) [0x0108093C]
(No symbol) [0x0107A536]
(No symbol) [0x010582DC]
(No symbol) [0x010593DD]
GetHandleVerifier [0x013FAABD+2539405]
GetHandleVerifier [0x0143A78F+2800735]
GetHandleVerifier [0x0143456C+2775612]
GetHandleVerifier [0x012251E0+616112]
(No symbol) [0x01135F8C]
(No symbol) [0x01132328]
(No symbol) [0x0113240B]
(No symbol) [0x01124FF7]
BaseThreadInitThunk [0x76297BA9+25]
RtlInitializeExceptionChain [0x770AC0CB+107]
RtlClearBits [0x770AC04F+191]

at org.openqa.selenium.remote.W3CHandshakeResponse.lambda$errorHandler$0(W3CHandshakeResponse.java:62)
at org.openqa.selenium.remote.HandshakeResponse.lambda$getResponseFunction$0(HandshakeResponse.java:30)
at org.openqa.selenium.remote.ProtocolHandshake.lambda$createSession$0(ProtocolHandshake.java:126)
at java.base/java.util.stream.ReferencePipeline$3$1.accept(ReferencePipeline.java:197)
at java.base/java.util.Spliterators$ArraySpliterator.tryAdvance(Spliterators.java:1002)
at java.base/java.util.stream.ReferencePipeline.forEachWithCancel(ReferencePipeline.java:129)
at java.base/java.util.stream.AbstractPipeline.copyIntoWithCancel(AbstractPipeline.java:527)
at java.base/java.util.stream.AbstractPipeline.copyInto(AbstractPipeline.java:513)
at java.base/java.util.stream.AbstractPipeline.wrapAndCopyInto(AbstractPipeline.java:499)
at java.base/java.util.stream.FindOps$FindOp.evaluateSequential(FindOps.java:150)
at java.base/java.util.stream.AbstractPipeline.evaluate(AbstractPipeline.java:234)
at java.base/java.util.stream.ReferencePipeline.findFirst(ReferencePipeline.java:647)
at org.openqa.selenium.remote.ProtocolHandshake.createSession(ProtocolHandshake.java:128)
at org.openqa.selenium.remote.ProtocolHandshake.createSession(ProtocolHandshake.java:74)
at org.openqa.selenium.remote.HttpCommandExecutor.execute(HttpCommandExecutor.java:136)
at org.openqa.selenium.remote.service.DriverCommandExecutor.execute(DriverCommandExecutor.java:83)
at org.openqa.selenium.remote.RemoteWebDriver.execute(RemoteWebDriver.java:552)
at org.openqa.selenium.remote.RemoteWebDriver.startSession(RemoteWebDriver.java:213)
at org.openqa.selenium.remote.RemoteWebDriver.<init>(RemoteWebDriver.java:131)
at org.openqa.selenium.chrome.ChromeDriver.<init>(ChromeDriver.java:181)
at org.openqa.selenium.chrome.ChromeDriver.<init>(ChromeDriver.java:168)
at org.openqa.selenium.chrome.ChromeDriver.<init>(ChromeDriver.java:123)
at com.mystore.base.BaseClass.launchApp(BaseClass.java:79)
at com.mystore.testscripts.OrderPageTest.setup(OrderPageTest.java:32)
at java.base/java.util.ArrayList.forEach(ArrayList.java:1511)
... Removed 36 stack frames]]>
    </failure>
  </testcase> <!-- @BeforeMethod setup -->
  <testcase classname="com.mystore.testscripts.OrderPageTest" name="@AfterMethod teardown" time="-1.73168260235E9">
    <skipped/>
  </testcase> <!-- @AfterMethod teardown -->
  <testcase classname="com.mystore.testscripts.AccountCreationPageTest" name="@BeforeMethod setup" time="3.294">
    <failure type="org.openqa.selenium.SessionNotCreatedException" message="session not created: This version of ChromeDriver only supports Chrome version 114
Current browser version is 130.0.6723.117 with binary path C:\Program Files\Google\Chrome\Application\chrome.exe
Build info: version: &amp;apos;3.141.59&amp;apos;, revision: &amp;apos;e82be7d358&amp;apos;, time: &amp;apos;2018-11-14T08:17:03&amp;apos;
System info: host: &amp;apos;DESKTOP-9KBGIMS&amp;apos;, ip: &amp;apos;192.168.0.100&amp;apos;, os.name: &amp;apos;Windows 11&amp;apos;, os.arch: &amp;apos;amd64&amp;apos;, os.version: &amp;apos;10.0&amp;apos;, java.version: &amp;apos;17.0.10&amp;apos;
Driver info: driver.version: ChromeDriver
remote stacktrace: Backtrace:
	GetHandleVerifier [0x0119A813+48355]
	(No symbol) [0x0112C4B1]
	(No symbol) [0x01035358]
	(No symbol) [0x010561AC]
	(No symbol) [0x01051EF3]
	(No symbol) [0x01050579]
	(No symbol) [0x01080C55]
	(No symbol) [0x0108093C]
	(No symbol) [0x0107A536]
	(No symbol) [0x010582DC]
	(No symbol) [0x010593DD]
	GetHandleVerifier [0x013FAABD+2539405]
	GetHandleVerifier [0x0143A78F+2800735]
	GetHandleVerifier [0x0143456C+2775612]
	GetHandleVerifier [0x012251E0+616112]
	(No symbol) [0x01135F8C]
	(No symbol) [0x01132328]
	(No symbol) [0x0113240B]
	(No symbol) [0x01124FF7]
	BaseThreadInitThunk [0x76297BA9+25]
	RtlInitializeExceptionChain [0x770AC0CB+107]
	RtlClearBits [0x770AC04F+191]
">
      <![CDATA[org.openqa.selenium.SessionNotCreatedException: session not created: This version of ChromeDriver only supports Chrome version 114
Current browser version is 130.0.6723.117 with binary path C:\Program Files\Google\Chrome\Application\chrome.exe
Build info: version: '3.141.59', revision: 'e82be7d358', time: '2018-11-14T08:17:03'
System info: host: 'DESKTOP-9KBGIMS', ip: '192.168.0.100', os.name: 'Windows 11', os.arch: 'amd64', os.version: '10.0', java.version: '17.0.10'
Driver info: driver.version: ChromeDriver
remote stacktrace: Backtrace:
GetHandleVerifier [0x0119A813+48355]
(No symbol) [0x0112C4B1]
(No symbol) [0x01035358]
(No symbol) [0x010561AC]
(No symbol) [0x01051EF3]
(No symbol) [0x01050579]
(No symbol) [0x01080C55]
(No symbol) [0x0108093C]
(No symbol) [0x0107A536]
(No symbol) [0x010582DC]
(No symbol) [0x010593DD]
GetHandleVerifier [0x013FAABD+2539405]
GetHandleVerifier [0x0143A78F+2800735]
GetHandleVerifier [0x0143456C+2775612]
GetHandleVerifier [0x012251E0+616112]
(No symbol) [0x01135F8C]
(No symbol) [0x01132328]
(No symbol) [0x0113240B]
(No symbol) [0x01124FF7]
BaseThreadInitThunk [0x76297BA9+25]
RtlInitializeExceptionChain [0x770AC0CB+107]
RtlClearBits [0x770AC04F+191]

at org.openqa.selenium.remote.W3CHandshakeResponse.lambda$errorHandler$0(W3CHandshakeResponse.java:62)
at org.openqa.selenium.remote.HandshakeResponse.lambda$getResponseFunction$0(HandshakeResponse.java:30)
at org.openqa.selenium.remote.ProtocolHandshake.lambda$createSession$0(ProtocolHandshake.java:126)
at java.base/java.util.stream.ReferencePipeline$3$1.accept(ReferencePipeline.java:197)
at java.base/java.util.Spliterators$ArraySpliterator.tryAdvance(Spliterators.java:1002)
at java.base/java.util.stream.ReferencePipeline.forEachWithCancel(ReferencePipeline.java:129)
at java.base/java.util.stream.AbstractPipeline.copyIntoWithCancel(AbstractPipeline.java:527)
at java.base/java.util.stream.AbstractPipeline.copyInto(AbstractPipeline.java:513)
at java.base/java.util.stream.AbstractPipeline.wrapAndCopyInto(AbstractPipeline.java:499)
at java.base/java.util.stream.FindOps$FindOp.evaluateSequential(FindOps.java:150)
at java.base/java.util.stream.AbstractPipeline.evaluate(AbstractPipeline.java:234)
at java.base/java.util.stream.ReferencePipeline.findFirst(ReferencePipeline.java:647)
at org.openqa.selenium.remote.ProtocolHandshake.createSession(ProtocolHandshake.java:128)
at org.openqa.selenium.remote.ProtocolHandshake.createSession(ProtocolHandshake.java:74)
at org.openqa.selenium.remote.HttpCommandExecutor.execute(HttpCommandExecutor.java:136)
at org.openqa.selenium.remote.service.DriverCommandExecutor.execute(DriverCommandExecutor.java:83)
at org.openqa.selenium.remote.RemoteWebDriver.execute(RemoteWebDriver.java:552)
at org.openqa.selenium.remote.RemoteWebDriver.startSession(RemoteWebDriver.java:213)
at org.openqa.selenium.remote.RemoteWebDriver.<init>(RemoteWebDriver.java:131)
at org.openqa.selenium.chrome.ChromeDriver.<init>(ChromeDriver.java:181)
at org.openqa.selenium.chrome.ChromeDriver.<init>(ChromeDriver.java:168)
at org.openqa.selenium.chrome.ChromeDriver.<init>(ChromeDriver.java:123)
at com.mystore.base.BaseClass.launchApp(BaseClass.java:79)
at com.mystore.testscripts.AccountCreationPageTest.setup(AccountCreationPageTest.java:31)
at java.base/java.util.ArrayList.forEach(ArrayList.java:1511)
... Removed 36 stack frames]]>
    </failure>
  </testcase> <!-- @BeforeMethod setup -->
  <testcase classname="com.mystore.testscripts.AccountCreationPageTest" name="@AfterMethod teardown" time="-1.731682605682E9">
    <skipped/>
  </testcase> <!-- @AfterMethod teardown -->
  <testcase classname="com.mystore.testscripts.SearchResultPageTest" name="@BeforeMethod setup" time="2.237">
    <failure type="org.openqa.selenium.SessionNotCreatedException" message="session not created: This version of ChromeDriver only supports Chrome version 114
Current browser version is 130.0.6723.117 with binary path C:\Program Files\Google\Chrome\Application\chrome.exe
Build info: version: &amp;apos;3.141.59&amp;apos;, revision: &amp;apos;e82be7d358&amp;apos;, time: &amp;apos;2018-11-14T08:17:03&amp;apos;
System info: host: &amp;apos;DESKTOP-9KBGIMS&amp;apos;, ip: &amp;apos;192.168.0.100&amp;apos;, os.name: &amp;apos;Windows 11&amp;apos;, os.arch: &amp;apos;amd64&amp;apos;, os.version: &amp;apos;10.0&amp;apos;, java.version: &amp;apos;17.0.10&amp;apos;
Driver info: driver.version: ChromeDriver
remote stacktrace: Backtrace:
	GetHandleVerifier [0x0119A813+48355]
	(No symbol) [0x0112C4B1]
	(No symbol) [0x01035358]
	(No symbol) [0x010561AC]
	(No symbol) [0x01051EF3]
	(No symbol) [0x01050579]
	(No symbol) [0x01080C55]
	(No symbol) [0x0108093C]
	(No symbol) [0x0107A536]
	(No symbol) [0x010582DC]
	(No symbol) [0x010593DD]
	GetHandleVerifier [0x013FAABD+2539405]
	GetHandleVerifier [0x0143A78F+2800735]
	GetHandleVerifier [0x0143456C+2775612]
	GetHandleVerifier [0x012251E0+616112]
	(No symbol) [0x01135F8C]
	(No symbol) [0x01132328]
	(No symbol) [0x0113240B]
	(No symbol) [0x01124FF7]
	BaseThreadInitThunk [0x76297BA9+25]
	RtlInitializeExceptionChain [0x770AC0CB+107]
	RtlClearBits [0x770AC04F+191]
">
      <![CDATA[org.openqa.selenium.SessionNotCreatedException: session not created: This version of ChromeDriver only supports Chrome version 114
Current browser version is 130.0.6723.117 with binary path C:\Program Files\Google\Chrome\Application\chrome.exe
Build info: version: '3.141.59', revision: 'e82be7d358', time: '2018-11-14T08:17:03'
System info: host: 'DESKTOP-9KBGIMS', ip: '192.168.0.100', os.name: 'Windows 11', os.arch: 'amd64', os.version: '10.0', java.version: '17.0.10'
Driver info: driver.version: ChromeDriver
remote stacktrace: Backtrace:
GetHandleVerifier [0x0119A813+48355]
(No symbol) [0x0112C4B1]
(No symbol) [0x01035358]
(No symbol) [0x010561AC]
(No symbol) [0x01051EF3]
(No symbol) [0x01050579]
(No symbol) [0x01080C55]
(No symbol) [0x0108093C]
(No symbol) [0x0107A536]
(No symbol) [0x010582DC]
(No symbol) [0x010593DD]
GetHandleVerifier [0x013FAABD+2539405]
GetHandleVerifier [0x0143A78F+2800735]
GetHandleVerifier [0x0143456C+2775612]
GetHandleVerifier [0x012251E0+616112]
(No symbol) [0x01135F8C]
(No symbol) [0x01132328]
(No symbol) [0x0113240B]
(No symbol) [0x01124FF7]
BaseThreadInitThunk [0x76297BA9+25]
RtlInitializeExceptionChain [0x770AC0CB+107]
RtlClearBits [0x770AC04F+191]

at org.openqa.selenium.remote.W3CHandshakeResponse.lambda$errorHandler$0(W3CHandshakeResponse.java:62)
at org.openqa.selenium.remote.HandshakeResponse.lambda$getResponseFunction$0(HandshakeResponse.java:30)
at org.openqa.selenium.remote.ProtocolHandshake.lambda$createSession$0(ProtocolHandshake.java:126)
at java.base/java.util.stream.ReferencePipeline$3$1.accept(ReferencePipeline.java:197)
at java.base/java.util.Spliterators$ArraySpliterator.tryAdvance(Spliterators.java:1002)
at java.base/java.util.stream.ReferencePipeline.forEachWithCancel(ReferencePipeline.java:129)
at java.base/java.util.stream.AbstractPipeline.copyIntoWithCancel(AbstractPipeline.java:527)
at java.base/java.util.stream.AbstractPipeline.copyInto(AbstractPipeline.java:513)
at java.base/java.util.stream.AbstractPipeline.wrapAndCopyInto(AbstractPipeline.java:499)
at java.base/java.util.stream.FindOps$FindOp.evaluateSequential(FindOps.java:150)
at java.base/java.util.stream.AbstractPipeline.evaluate(AbstractPipeline.java:234)
at java.base/java.util.stream.ReferencePipeline.findFirst(ReferencePipeline.java:647)
at org.openqa.selenium.remote.ProtocolHandshake.createSession(ProtocolHandshake.java:128)
at org.openqa.selenium.remote.ProtocolHandshake.createSession(ProtocolHandshake.java:74)
at org.openqa.selenium.remote.HttpCommandExecutor.execute(HttpCommandExecutor.java:136)
at org.openqa.selenium.remote.service.DriverCommandExecutor.execute(DriverCommandExecutor.java:83)
at org.openqa.selenium.remote.RemoteWebDriver.execute(RemoteWebDriver.java:552)
at org.openqa.selenium.remote.RemoteWebDriver.startSession(RemoteWebDriver.java:213)
at org.openqa.selenium.remote.RemoteWebDriver.<init>(RemoteWebDriver.java:131)
at org.openqa.selenium.chrome.ChromeDriver.<init>(ChromeDriver.java:181)
at org.openqa.selenium.chrome.ChromeDriver.<init>(ChromeDriver.java:168)
at org.openqa.selenium.chrome.ChromeDriver.<init>(ChromeDriver.java:123)
at com.mystore.base.BaseClass.launchApp(BaseClass.java:79)
at com.mystore.testscripts.SearchResultPageTest.setup(SearchResultPageTest.java:30)
at java.base/java.util.ArrayList.forEach(ArrayList.java:1511)
... Removed 36 stack frames]]>
    </failure>
  </testcase> <!-- @BeforeMethod setup -->
  <testcase classname="com.mystore.testscripts.SearchResultPageTest" name="@AfterMethod teardown" time="-1.731682607947E9">
    <skipped/>
  </testcase> <!-- @AfterMethod teardown -->
  <testcase classname="com.mystore.testscripts.HomePageTest" name="@BeforeMethod setup" time="2.055">
    <failure type="org.openqa.selenium.SessionNotCreatedException" message="session not created: This version of ChromeDriver only supports Chrome version 114
Current browser version is 130.0.6723.117 with binary path C:\Program Files\Google\Chrome\Application\chrome.exe
Build info: version: &amp;apos;3.141.59&amp;apos;, revision: &amp;apos;e82be7d358&amp;apos;, time: &amp;apos;2018-11-14T08:17:03&amp;apos;
System info: host: &amp;apos;DESKTOP-9KBGIMS&amp;apos;, ip: &amp;apos;192.168.0.100&amp;apos;, os.name: &amp;apos;Windows 11&amp;apos;, os.arch: &amp;apos;amd64&amp;apos;, os.version: &amp;apos;10.0&amp;apos;, java.version: &amp;apos;17.0.10&amp;apos;
Driver info: driver.version: ChromeDriver
remote stacktrace: Backtrace:
	GetHandleVerifier [0x0119A813+48355]
	(No symbol) [0x0112C4B1]
	(No symbol) [0x01035358]
	(No symbol) [0x010561AC]
	(No symbol) [0x01051EF3]
	(No symbol) [0x01050579]
	(No symbol) [0x01080C55]
	(No symbol) [0x0108093C]
	(No symbol) [0x0107A536]
	(No symbol) [0x010582DC]
	(No symbol) [0x010593DD]
	GetHandleVerifier [0x013FAABD+2539405]
	GetHandleVerifier [0x0143A78F+2800735]
	GetHandleVerifier [0x0143456C+2775612]
	GetHandleVerifier [0x012251E0+616112]
	(No symbol) [0x01135F8C]
	(No symbol) [0x01132328]
	(No symbol) [0x0113240B]
	(No symbol) [0x01124FF7]
	BaseThreadInitThunk [0x76297BA9+25]
	RtlInitializeExceptionChain [0x770AC0CB+107]
	RtlClearBits [0x770AC04F+191]
">
      <![CDATA[org.openqa.selenium.SessionNotCreatedException: session not created: This version of ChromeDriver only supports Chrome version 114
Current browser version is 130.0.6723.117 with binary path C:\Program Files\Google\Chrome\Application\chrome.exe
Build info: version: '3.141.59', revision: 'e82be7d358', time: '2018-11-14T08:17:03'
System info: host: 'DESKTOP-9KBGIMS', ip: '192.168.0.100', os.name: 'Windows 11', os.arch: 'amd64', os.version: '10.0', java.version: '17.0.10'
Driver info: driver.version: ChromeDriver
remote stacktrace: Backtrace:
GetHandleVerifier [0x0119A813+48355]
(No symbol) [0x0112C4B1]
(No symbol) [0x01035358]
(No symbol) [0x010561AC]
(No symbol) [0x01051EF3]
(No symbol) [0x01050579]
(No symbol) [0x01080C55]
(No symbol) [0x0108093C]
(No symbol) [0x0107A536]
(No symbol) [0x010582DC]
(No symbol) [0x010593DD]
GetHandleVerifier [0x013FAABD+2539405]
GetHandleVerifier [0x0143A78F+2800735]
GetHandleVerifier [0x0143456C+2775612]
GetHandleVerifier [0x012251E0+616112]
(No symbol) [0x01135F8C]
(No symbol) [0x01132328]
(No symbol) [0x0113240B]
(No symbol) [0x01124FF7]
BaseThreadInitThunk [0x76297BA9+25]
RtlInitializeExceptionChain [0x770AC0CB+107]
RtlClearBits [0x770AC04F+191]

at org.openqa.selenium.remote.W3CHandshakeResponse.lambda$errorHandler$0(W3CHandshakeResponse.java:62)
at org.openqa.selenium.remote.HandshakeResponse.lambda$getResponseFunction$0(HandshakeResponse.java:30)
at org.openqa.selenium.remote.ProtocolHandshake.lambda$createSession$0(ProtocolHandshake.java:126)
at java.base/java.util.stream.ReferencePipeline$3$1.accept(ReferencePipeline.java:197)
at java.base/java.util.Spliterators$ArraySpliterator.tryAdvance(Spliterators.java:1002)
at java.base/java.util.stream.ReferencePipeline.forEachWithCancel(ReferencePipeline.java:129)
at java.base/java.util.stream.AbstractPipeline.copyIntoWithCancel(AbstractPipeline.java:527)
at java.base/java.util.stream.AbstractPipeline.copyInto(AbstractPipeline.java:513)
at java.base/java.util.stream.AbstractPipeline.wrapAndCopyInto(AbstractPipeline.java:499)
at java.base/java.util.stream.FindOps$FindOp.evaluateSequential(FindOps.java:150)
at java.base/java.util.stream.AbstractPipeline.evaluate(AbstractPipeline.java:234)
at java.base/java.util.stream.ReferencePipeline.findFirst(ReferencePipeline.java:647)
at org.openqa.selenium.remote.ProtocolHandshake.createSession(ProtocolHandshake.java:128)
at org.openqa.selenium.remote.ProtocolHandshake.createSession(ProtocolHandshake.java:74)
at org.openqa.selenium.remote.HttpCommandExecutor.execute(HttpCommandExecutor.java:136)
at org.openqa.selenium.remote.service.DriverCommandExecutor.execute(DriverCommandExecutor.java:83)
at org.openqa.selenium.remote.RemoteWebDriver.execute(RemoteWebDriver.java:552)
at org.openqa.selenium.remote.RemoteWebDriver.startSession(RemoteWebDriver.java:213)
at org.openqa.selenium.remote.RemoteWebDriver.<init>(RemoteWebDriver.java:131)
at org.openqa.selenium.chrome.ChromeDriver.<init>(ChromeDriver.java:181)
at org.openqa.selenium.chrome.ChromeDriver.<init>(ChromeDriver.java:168)
at org.openqa.selenium.chrome.ChromeDriver.<init>(ChromeDriver.java:123)
at com.mystore.base.BaseClass.launchApp(BaseClass.java:79)
at com.mystore.testscripts.HomePageTest.setup(HomePageTest.java:30)
at java.base/java.util.ArrayList.forEach(ArrayList.java:1511)
... Removed 36 stack frames]]>
    </failure>
  </testcase> <!-- @BeforeMethod setup -->
  <testcase classname="com.mystore.testscripts.HomePageTest" name="@AfterMethod teardown" time="-1.731682610014E9">
    <skipped/>
  </testcase> <!-- @AfterMethod teardown -->
  <testcase classname="com.mystore.testscripts.HomePageTest" name="@BeforeMethod setup" time="-1.731682610015E9">
    <skipped/>
  </testcase> <!-- @BeforeMethod setup -->
  <testcase classname="com.mystore.testscripts.HomePageTest" name="@AfterMethod teardown" time="-1.73168261002E9">
    <skipped/>
  </testcase> <!-- @AfterMethod teardown -->
  <testcase classname="com.mystore.testscripts.EndToEndTest" name="@BeforeMethod setup" time="2.277">
    <failure type="org.openqa.selenium.SessionNotCreatedException" message="session not created: This version of ChromeDriver only supports Chrome version 114
Current browser version is 130.0.6723.117 with binary path C:\Program Files\Google\Chrome\Application\chrome.exe
Build info: version: &amp;apos;3.141.59&amp;apos;, revision: &amp;apos;e82be7d358&amp;apos;, time: &amp;apos;2018-11-14T08:17:03&amp;apos;
System info: host: &amp;apos;DESKTOP-9KBGIMS&amp;apos;, ip: &amp;apos;192.168.0.100&amp;apos;, os.name: &amp;apos;Windows 11&amp;apos;, os.arch: &amp;apos;amd64&amp;apos;, os.version: &amp;apos;10.0&amp;apos;, java.version: &amp;apos;17.0.10&amp;apos;
Driver info: driver.version: ChromeDriver
remote stacktrace: Backtrace:
	GetHandleVerifier [0x0119A813+48355]
	(No symbol) [0x0112C4B1]
	(No symbol) [0x01035358]
	(No symbol) [0x010561AC]
	(No symbol) [0x01051EF3]
	(No symbol) [0x01050579]
	(No symbol) [0x01080C55]
	(No symbol) [0x0108093C]
	(No symbol) [0x0107A536]
	(No symbol) [0x010582DC]
	(No symbol) [0x010593DD]
	GetHandleVerifier [0x013FAABD+2539405]
	GetHandleVerifier [0x0143A78F+2800735]
	GetHandleVerifier [0x0143456C+2775612]
	GetHandleVerifier [0x012251E0+616112]
	(No symbol) [0x01135F8C]
	(No symbol) [0x01132328]
	(No symbol) [0x0113240B]
	(No symbol) [0x01124FF7]
	BaseThreadInitThunk [0x76297BA9+25]
	RtlInitializeExceptionChain [0x770AC0CB+107]
	RtlClearBits [0x770AC04F+191]
">
      <![CDATA[org.openqa.selenium.SessionNotCreatedException: session not created: This version of ChromeDriver only supports Chrome version 114
Current browser version is 130.0.6723.117 with binary path C:\Program Files\Google\Chrome\Application\chrome.exe
Build info: version: '3.141.59', revision: 'e82be7d358', time: '2018-11-14T08:17:03'
System info: host: 'DESKTOP-9KBGIMS', ip: '192.168.0.100', os.name: 'Windows 11', os.arch: 'amd64', os.version: '10.0', java.version: '17.0.10'
Driver info: driver.version: ChromeDriver
remote stacktrace: Backtrace:
GetHandleVerifier [0x0119A813+48355]
(No symbol) [0x0112C4B1]
(No symbol) [0x01035358]
(No symbol) [0x010561AC]
(No symbol) [0x01051EF3]
(No symbol) [0x01050579]
(No symbol) [0x01080C55]
(No symbol) [0x0108093C]
(No symbol) [0x0107A536]
(No symbol) [0x010582DC]
(No symbol) [0x010593DD]
GetHandleVerifier [0x013FAABD+2539405]
GetHandleVerifier [0x0143A78F+2800735]
GetHandleVerifier [0x0143456C+2775612]
GetHandleVerifier [0x012251E0+616112]
(No symbol) [0x01135F8C]
(No symbol) [0x01132328]
(No symbol) [0x0113240B]
(No symbol) [0x01124FF7]
BaseThreadInitThunk [0x76297BA9+25]
RtlInitializeExceptionChain [0x770AC0CB+107]
RtlClearBits [0x770AC04F+191]

at org.openqa.selenium.remote.W3CHandshakeResponse.lambda$errorHandler$0(W3CHandshakeResponse.java:62)
at org.openqa.selenium.remote.HandshakeResponse.lambda$getResponseFunction$0(HandshakeResponse.java:30)
at org.openqa.selenium.remote.ProtocolHandshake.lambda$createSession$0(ProtocolHandshake.java:126)
at java.base/java.util.stream.ReferencePipeline$3$1.accept(ReferencePipeline.java:197)
at java.base/java.util.Spliterators$ArraySpliterator.tryAdvance(Spliterators.java:1002)
at java.base/java.util.stream.ReferencePipeline.forEachWithCancel(ReferencePipeline.java:129)
at java.base/java.util.stream.AbstractPipeline.copyIntoWithCancel(AbstractPipeline.java:527)
at java.base/java.util.stream.AbstractPipeline.copyInto(AbstractPipeline.java:513)
at java.base/java.util.stream.AbstractPipeline.wrapAndCopyInto(AbstractPipeline.java:499)
at java.base/java.util.stream.FindOps$FindOp.evaluateSequential(FindOps.java:150)
at java.base/java.util.stream.AbstractPipeline.evaluate(AbstractPipeline.java:234)
at java.base/java.util.stream.ReferencePipeline.findFirst(ReferencePipeline.java:647)
at org.openqa.selenium.remote.ProtocolHandshake.createSession(ProtocolHandshake.java:128)
at org.openqa.selenium.remote.ProtocolHandshake.createSession(ProtocolHandshake.java:74)
at org.openqa.selenium.remote.HttpCommandExecutor.execute(HttpCommandExecutor.java:136)
at org.openqa.selenium.remote.service.DriverCommandExecutor.execute(DriverCommandExecutor.java:83)
at org.openqa.selenium.remote.RemoteWebDriver.execute(RemoteWebDriver.java:552)
at org.openqa.selenium.remote.RemoteWebDriver.startSession(RemoteWebDriver.java:213)
at org.openqa.selenium.remote.RemoteWebDriver.<init>(RemoteWebDriver.java:131)
at org.openqa.selenium.chrome.ChromeDriver.<init>(ChromeDriver.java:181)
at org.openqa.selenium.chrome.ChromeDriver.<init>(ChromeDriver.java:168)
at org.openqa.selenium.chrome.ChromeDriver.<init>(ChromeDriver.java:123)
at com.mystore.base.BaseClass.launchApp(BaseClass.java:79)
at com.mystore.testscripts.EndToEndTest.setup(EndToEndTest.java:45)
at java.base/java.util.ArrayList.forEach(ArrayList.java:1511)
... Removed 36 stack frames]]>
    </failure>
  </testcase> <!-- @BeforeMethod setup -->
  <testcase classname="com.mystore.testscripts.EndToEndTest" name="@AfterMethod teardown" time="-1.73168261231E9">
    <skipped/>
  </testcase> <!-- @AfterMethod teardown -->
  <testcase classname="com.mystore.testscripts.IndexPageTest" name="@BeforeMethod setup" time="2.137">
    <failure type="org.openqa.selenium.SessionNotCreatedException" message="session not created: This version of ChromeDriver only supports Chrome version 114
Current browser version is 130.0.6723.117 with binary path C:\Program Files\Google\Chrome\Application\chrome.exe
Build info: version: &amp;apos;3.141.59&amp;apos;, revision: &amp;apos;e82be7d358&amp;apos;, time: &amp;apos;2018-11-14T08:17:03&amp;apos;
System info: host: &amp;apos;DESKTOP-9KBGIMS&amp;apos;, ip: &amp;apos;192.168.0.100&amp;apos;, os.name: &amp;apos;Windows 11&amp;apos;, os.arch: &amp;apos;amd64&amp;apos;, os.version: &amp;apos;10.0&amp;apos;, java.version: &amp;apos;17.0.10&amp;apos;
Driver info: driver.version: ChromeDriver
remote stacktrace: Backtrace:
	GetHandleVerifier [0x0119A813+48355]
	(No symbol) [0x0112C4B1]
	(No symbol) [0x01035358]
	(No symbol) [0x010561AC]
	(No symbol) [0x01051EF3]
	(No symbol) [0x01050579]
	(No symbol) [0x01080C55]
	(No symbol) [0x0108093C]
	(No symbol) [0x0107A536]
	(No symbol) [0x010582DC]
	(No symbol) [0x010593DD]
	GetHandleVerifier [0x013FAABD+2539405]
	GetHandleVerifier [0x0143A78F+2800735]
	GetHandleVerifier [0x0143456C+2775612]
	GetHandleVerifier [0x012251E0+616112]
	(No symbol) [0x01135F8C]
	(No symbol) [0x01132328]
	(No symbol) [0x0113240B]
	(No symbol) [0x01124FF7]
	BaseThreadInitThunk [0x76297BA9+25]
	RtlInitializeExceptionChain [0x770AC0CB+107]
	RtlClearBits [0x770AC04F+191]
">
      <![CDATA[org.openqa.selenium.SessionNotCreatedException: session not created: This version of ChromeDriver only supports Chrome version 114
Current browser version is 130.0.6723.117 with binary path C:\Program Files\Google\Chrome\Application\chrome.exe
Build info: version: '3.141.59', revision: 'e82be7d358', time: '2018-11-14T08:17:03'
System info: host: 'DESKTOP-9KBGIMS', ip: '192.168.0.100', os.name: 'Windows 11', os.arch: 'amd64', os.version: '10.0', java.version: '17.0.10'
Driver info: driver.version: ChromeDriver
remote stacktrace: Backtrace:
GetHandleVerifier [0x0119A813+48355]
(No symbol) [0x0112C4B1]
(No symbol) [0x01035358]
(No symbol) [0x010561AC]
(No symbol) [0x01051EF3]
(No symbol) [0x01050579]
(No symbol) [0x01080C55]
(No symbol) [0x0108093C]
(No symbol) [0x0107A536]
(No symbol) [0x010582DC]
(No symbol) [0x010593DD]
GetHandleVerifier [0x013FAABD+2539405]
GetHandleVerifier [0x0143A78F+2800735]
GetHandleVerifier [0x0143456C+2775612]
GetHandleVerifier [0x012251E0+616112]
(No symbol) [0x01135F8C]
(No symbol) [0x01132328]
(No symbol) [0x0113240B]
(No symbol) [0x01124FF7]
BaseThreadInitThunk [0x76297BA9+25]
RtlInitializeExceptionChain [0x770AC0CB+107]
RtlClearBits [0x770AC04F+191]

at org.openqa.selenium.remote.W3CHandshakeResponse.lambda$errorHandler$0(W3CHandshakeResponse.java:62)
at org.openqa.selenium.remote.HandshakeResponse.lambda$getResponseFunction$0(HandshakeResponse.java:30)
at org.openqa.selenium.remote.ProtocolHandshake.lambda$createSession$0(ProtocolHandshake.java:126)
at java.base/java.util.stream.ReferencePipeline$3$1.accept(ReferencePipeline.java:197)
at java.base/java.util.Spliterators$ArraySpliterator.tryAdvance(Spliterators.java:1002)
at java.base/java.util.stream.ReferencePipeline.forEachWithCancel(ReferencePipeline.java:129)
at java.base/java.util.stream.AbstractPipeline.copyIntoWithCancel(AbstractPipeline.java:527)
at java.base/java.util.stream.AbstractPipeline.copyInto(AbstractPipeline.java:513)
at java.base/java.util.stream.AbstractPipeline.wrapAndCopyInto(AbstractPipeline.java:499)
at java.base/java.util.stream.FindOps$FindOp.evaluateSequential(FindOps.java:150)
at java.base/java.util.stream.AbstractPipeline.evaluate(AbstractPipeline.java:234)
at java.base/java.util.stream.ReferencePipeline.findFirst(ReferencePipeline.java:647)
at org.openqa.selenium.remote.ProtocolHandshake.createSession(ProtocolHandshake.java:128)
at org.openqa.selenium.remote.ProtocolHandshake.createSession(ProtocolHandshake.java:74)
at org.openqa.selenium.remote.HttpCommandExecutor.execute(HttpCommandExecutor.java:136)
at org.openqa.selenium.remote.service.DriverCommandExecutor.execute(DriverCommandExecutor.java:83)
at org.openqa.selenium.remote.RemoteWebDriver.execute(RemoteWebDriver.java:552)
at org.openqa.selenium.remote.RemoteWebDriver.startSession(RemoteWebDriver.java:213)
at org.openqa.selenium.remote.RemoteWebDriver.<init>(RemoteWebDriver.java:131)
at org.openqa.selenium.chrome.ChromeDriver.<init>(ChromeDriver.java:181)
at org.openqa.selenium.chrome.ChromeDriver.<init>(ChromeDriver.java:168)
at org.openqa.selenium.chrome.ChromeDriver.<init>(ChromeDriver.java:123)
at com.mystore.base.BaseClass.launchApp(BaseClass.java:79)
at com.mystore.testscripts.IndexPageTest.setup(IndexPageTest.java:18)
at java.base/java.util.ArrayList.forEach(ArrayList.java:1511)
... Removed 36 stack frames]]>
    </failure>
  </testcase> <!-- @BeforeMethod setup -->
  <testcase classname="com.mystore.testscripts.IndexPageTest" name="@AfterMethod teardown" time="-1.731682614457E9">
    <skipped/>
  </testcase> <!-- @AfterMethod teardown -->
  <testcase classname="com.mystore.testscripts.IndexPageTest" name="@BeforeMethod setup" time="-1.73168261446E9">
    <skipped/>
  </testcase> <!-- @BeforeMethod setup -->
  <testcase classname="com.mystore.testscripts.IndexPageTest" name="@AfterMethod teardown" time="-1.731682614464E9">
    <skipped/>
  </testcase> <!-- @AfterMethod teardown -->
  <testcase classname="com.mystore.testscripts.AddToCartPageTest" name="addToCartTest" time="0.0">
    <skipped/>
  </testcase> <!-- addToCartTest -->
  <testcase classname="com.mystore.testscripts.OrderPageTest" name="verifyTotalPrice" time="0.0">
    <skipped/>
  </testcase> <!-- verifyTotalPrice -->
  <testcase classname="com.mystore.testscripts.LoginPageTest" name="loginTest" time="0.0">
    <skipped/>
  </testcase> <!-- loginTest -->
  <testcase classname="com.mystore.testscripts.AccountCreationPageTest" name="verifyCreateAccountPageTest" time="0.0">
    <skipped/>
  </testcase> <!-- verifyCreateAccountPageTest -->
  <testcase classname="com.mystore.testscripts.SearchResultPageTest" name="productAvailabilityTest" time="0.0">
    <skipped/>
  </testcase> <!-- productAvailabilityTest -->
  <testcase classname="com.mystore.testscripts.HomePageTest" name="orderHistoryandDetailsTest" time="0.0">
    <skipped/>
  </testcase> <!-- orderHistoryandDetailsTest -->
  <testcase classname="com.mystore.testscripts.HomePageTest" name="wishListTest" time="0.0">
    <skipped/>
  </testcase> <!-- wishListTest -->
  <testcase classname="com.mystore.testscripts.EndToEndTest" name="endToEndTest" time="0.0">
    <skipped/>
  </testcase> <!-- endToEndTest -->
  <testcase classname="com.mystore.testscripts.IndexPageTest" name="verifyLogo" time="0.0">
    <skipped/>
  </testcase> <!-- verifyLogo -->
  <testcase classname="com.mystore.testscripts.IndexPageTest" name="verifyTitle" time="0.0">
    <skipped/>
  </testcase> <!-- verifyTitle -->
  <testcase classname="com.mystore.base.BaseClass" name="@BeforeSuite loadconfig" time="0.0">
    <ignored/>
  </testcase> <!-- @BeforeSuite loadconfig -->
  <testcase classname="com.mystore.base.BaseClass" name="@BeforeSuite loadconfig" time="0.0">
    <ignored/>
  </testcase> <!-- @BeforeSuite loadconfig -->
  <testcase classname="com.mystore.base.BaseClass" name="@BeforeSuite loadconfig" time="0.0">
    <ignored/>
  </testcase> <!-- @BeforeSuite loadconfig -->
  <testcase classname="com.mystore.base.BaseClass" name="@BeforeSuite loadconfig" time="0.0">
    <ignored/>
  </testcase> <!-- @BeforeSuite loadconfig -->
  <testcase classname="com.mystore.base.BaseClass" name="@BeforeSuite loadconfig" time="0.0">
    <ignored/>
  </testcase> <!-- @BeforeSuite loadconfig -->
  <testcase classname="com.mystore.base.BaseClass" name="@BeforeSuite loadconfig" time="0.0">
    <ignored/>
  </testcase> <!-- @BeforeSuite loadconfig -->
  <testcase classname="com.mystore.base.BaseClass" name="@BeforeSuite loadconfig" time="0.0">
    <ignored/>
  </testcase> <!-- @BeforeSuite loadconfig -->
  <testcase classname="com.mystore.base.BaseClass" name="@AfterSuite afterSuite" time="0.0">
    <ignored/>
  </testcase> <!-- @AfterSuite afterSuite -->
  <testcase classname="com.mystore.base.BaseClass" name="@AfterSuite afterSuite" time="0.0">
    <ignored/>
  </testcase> <!-- @AfterSuite afterSuite -->
  <testcase classname="com.mystore.base.BaseClass" name="@AfterSuite afterSuite" time="0.0">
    <ignored/>
  </testcase> <!-- @AfterSuite afterSuite -->
  <testcase classname="com.mystore.base.BaseClass" name="@AfterSuite afterSuite" time="0.0">
    <ignored/>
  </testcase> <!-- @AfterSuite afterSuite -->
  <testcase classname="com.mystore.base.BaseClass" name="@AfterSuite afterSuite" time="0.0">
    <ignored/>
  </testcase> <!-- @AfterSuite afterSuite -->
  <testcase classname="com.mystore.base.BaseClass" name="@AfterSuite afterSuite" time="0.0">
    <ignored/>
  </testcase> <!-- @AfterSuite afterSuite -->
  <testcase classname="com.mystore.base.BaseClass" name="@AfterSuite afterSuite" time="0.0">
    <ignored/>
  </testcase> <!-- @AfterSuite afterSuite -->
</testsuite> <!-- Test -->
